{
  "stats": {
    "suites": 1,
    "tests": 1,
    "passes": 1,
    "pending": 0,
    "failures": 0,
    "start": "2023-08-27T14:28:30.138Z",
    "end": "2023-08-27T14:28:30.193Z",
    "duration": 55,
    "testsRegistered": 1,
    "passPercent": 100,
    "pendingPercent": 0,
    "other": 0,
    "hasOther": false,
    "skipped": 0,
    "hasSkipped": false
  },
  "results": [
    {
      "uuid": "82e70664-25cb-4935-a384-63a74d95a6bd",
      "title": "",
      "fullFile": "cypress/e2e/first.cy.js",
      "file": "cypress/e2e/first.cy.js",
      "beforeHooks": [],
      "afterHooks": [],
      "tests": [],
      "suites": [
        {
          "uuid": "40aa4c1e-f2a1-4411-b960-2d93729f1ac5",
          "title": "This is my first test suite",
          "fullFile": "",
          "file": "",
          "beforeHooks": [],
          "afterHooks": [],
          "tests": [
            {
              "title": "This is my first test case",
              "fullTitle": "This is my first test suite This is my first test case",
              "timedOut": null,
              "duration": 36,
              "state": "passed",
              "speed": "fast",
              "pass": true,
              "fail": false,
              "pending": false,
              "context": null,
              "code": "expect(true).to.equal(true);\n//expect(true).to.equal(false)",
              "err": {},
              "uuid": "9ba9b1f9-8729-45fe-865f-35e41fb9dede",
              "parentUUID": "40aa4c1e-f2a1-4411-b960-2d93729f1ac5",
              "isHook": false,
              "skipped": false
            }
          ],
          "suites": [],
          "passes": [
            "9ba9b1f9-8729-45fe-865f-35e41fb9dede"
          ],
          "failures": [],
          "pending": [],
          "skipped": [],
          "duration": 36,
          "root": false,
          "rootEmpty": false,
          "_timeout": 2000
        }
      ],
      "passes": [],
      "failures": [],
      "pending": [],
      "skipped": [],
      "duration": 0,
      "root": true,
      "rootEmpty": true,
      "_timeout": 2000
    }
  ],
  "meta": {
    "mocha": {
      "version": "7.0.1"
    },
    "mochawesome": {
      "options": {
        "quiet": false,
        "reportFilename": "mochawesome",
        "saveHtml": false,
        "saveJson": true,
        "consoleReporter": "spec",
        "useInlineDiffs": false,
        "code": true
      },
      "version": "6.3.1"
    },
    "marge": {
      "options": {
        "reportDir": "cypress/results/json",
        "overwrite": false,
        "html": false,
        "json": true,
        "autoOpen": true,
        "saveJson": true
      },
      "version": "5.2.0"
    }
  }
}