{
  "stats": {
    "suites": 1,
    "tests": 1,
    "passes": 1,
    "pending": 0,
    "failures": 0,
    "testsRegistered": 1,
    "passPercent": 100,
    "pendingPercent": 0,
    "other": 0,
    "hasOther": false,
    "skipped": 0,
    "hasSkipped": false,
    "start": "2023-08-04T01:11:35.048Z",
    "end": "2023-08-04T01:11:38.985Z",
    "duration": 3937
  },
  "results": [
    {
      "uuid": "1e773413-0264-4696-ba0c-6564b84483a3",
      "title": "",
      "fullFile": "cypress/e2e/login.cy.js",
      "file": "cypress/e2e/login.cy.js",
      "beforeHooks": [],
      "afterHooks": [],
      "tests": [],
      "suites": [
        {
          "uuid": "9a4edb4a-775b-4776-a7fe-250be09e49ef",
          "title": "ineuron web page test suite",
          "fullFile": "cypress/e2e/login.cy.js",
          "file": "cypress/e2e/login.cy.js",
          "beforeHooks": [],
          "afterHooks": [],
          "tests": [
            {
              "title": "Login with credentials",
              "fullTitle": "ineuron web page test suite Login with credentials",
              "timedOut": null,
              "duration": 3001,
              "state": "passed",
              "speed": "fast",
              "pass": true,
              "fail": false,
              "pending": false,
              "context": "[\n    {\n        \"title\": \"Spec video recording\",\n        \"value\": \"videos/login.cy.js.mp4\"\n    }\n]",
              "code": "cy.visit(\"https://ineuron-courses.vercel.app/login\");\ncy.get(\"input[name = 'email1']\").type(\"ineuron@ineuron.ai\");\ncy.get(\"input[name = 'password1']\").type(\"ineuron\");\ncy.get(\"button[type = 'submit']\").click();\ncy.get(\".navbar-menu-links > button\").should(\"be.visible\");",
              "err": {},
              "uuid": "71108e56-c256-4b06-8d21-436512cb254c",
              "parentUUID": "9a4edb4a-775b-4776-a7fe-250be09e49ef",
              "isHook": false,
              "skipped": false
            }
          ],
          "suites": [],
          "passes": [
            "71108e56-c256-4b06-8d21-436512cb254c"
          ],
          "failures": [],
          "pending": [],
          "skipped": [],
          "duration": 3001,
          "root": false,
          "rootEmpty": false,
          "_timeout": 2000
        }
      ],
      "passes": [],
      "failures": [],
      "pending": [],
      "skipped": [],
      "duration": 0,
      "root": true,
      "rootEmpty": true,
      "_timeout": 2000
    }
  ],
  "meta": {
    "mocha": {
      "version": "7.0.1"
    },
    "mochawesome": {
      "options": {
        "quiet": false,
        "reportFilename": "mochawesome",
        "saveHtml": false,
        "saveJson": true,
        "consoleReporter": "spec",
        "useInlineDiffs": false,
        "code": true
      },
      "version": "7.1.3"
    },
    "marge": {
      "options": {
        "autoOpen": true,
        "saveJson": true,
        "overwrite": false,
        "html": false,
        "json": true,
        "reportDir": "cypress/reports/html/.jsons"
      },
      "version": "6.2.0"
    }
  }
}